<?xml version="1.0" encoding="UTF-8"?>
<!-- Generated by org.testng.reporters.JUnitXMLReporter -->
<testsuite ignored="2" hostname="DESKTOP-G87HA0I" failures="0" tests="1" name="Default test" time="3.449" errors="0" timestamp="2023-04-01T15:20:29 IST">
  <testcase classname="tests.AdditionalTestCases" name="validateCountOfButtons" time="0.038"/>
  <testcase classname="tests.AdditionalTestCases" name="validateSample" time="0.0">
    <ignored/>
  </testcase> <!-- validateSample -->
  <testcase classname="tests.AdditionalTestCases" name="validateBrokenLinks" time="0.0">
    <ignored/>
  </testcase> <!-- validateBrokenLinks -->
</testsuite> <!-- Default test -->
