<?xml version="1.0" encoding="UTF-8"?>
<!-- Generated by org.testng.reporters.JUnitXMLReporter -->
<testsuite ignored="2" hostname="DESKTOP-G87HA0I" failures="1" tests="1" name="Test" time="0.081" errors="0" timestamp="2023-04-01T17:36:23 IST">
  <testcase classname="tests.AdditionalTestCases" name="validateCountOfButtons" time="0.028">
    <failure type="java.lang.NullPointerException" message="Cannot invoke &amp;quot;org.openqa.selenium.WebDriver.findElements(org.openqa.selenium.By)&amp;quot; because &amp;quot;this.driver&amp;quot; is null">
      <![CDATA[java.lang.NullPointerException: Cannot invoke "org.openqa.selenium.WebDriver.findElements(org.openqa.selenium.By)" because "this.driver" is null
at pages.LoginPage.countOfButtons(LoginPage.java:49)
at tests.AdditionalTestCases.validateCountOfButtons(AdditionalTestCases.java:22)
at java.base/java.util.ArrayList.forEach(ArrayList.java:1511)
... Removed 27 stack frames]]>
    </failure>
  </testcase> <!-- validateCountOfButtons -->
  <testcase classname="tests.AdditionalTestCases" name="validateSample" time="0.0">
    <ignored/>
  </testcase> <!-- validateSample -->
  <testcase classname="tests.AdditionalTestCases" name="validateBrokenLinks" time="0.0">
    <ignored/>
  </testcase> <!-- validateBrokenLinks -->
</testsuite> <!-- Test -->
