<?xml version="1.0" encoding="UTF-8"?>
<!-- Generated by org.testng.reporters.JUnitXMLReporter -->
<testsuite ignored="2" hostname="DESKTOP-G87HA0I" failures="1" tests="4" name="Test" time="21.634" errors="0" timestamp="2023-03-31T20:17:31 IST">
  <testcase classname="tests.TestCases" name="loginTest" time="5.447"/>
  <testcase classname="tests.TestCases" name="dashboardTest" time="0.142"/>
  <testcase classname="tests.TestCases" name="manageCategoryTest" time="6.828"/>
  <testcase classname="tests.NewTestCases" name="signUpTest" time="5.008">
    <failure type="java.lang.IllegalArgumentException" message="Input must be set">
      <![CDATA[java.lang.IllegalArgumentException: Input must be set
at org.openqa.selenium.internal.Require.nonNull(Require.java:59)
at org.openqa.selenium.support.ui.FluentWait.<init>(FluentWait.java:97)
at org.openqa.selenium.support.ui.WebDriverWait.<init>(WebDriverWait.java:77)
at org.openqa.selenium.support.ui.WebDriverWait.<init>(WebDriverWait.java:46)
at utilities.HelperClass.waitForElement(HelperClass.java:16)
at pages.LoginPage.clickSignUp(LoginPage.java:44)
at tests.NewTestCases.signUpTest(NewTestCases.java:14)
at java.base/java.util.ArrayList.forEach(ArrayList.java:1511)
... Removed 27 stack frames]]>
    </failure>
  </testcase> <!-- signUpTest -->
  <testcase classname="base.BaseClass" name="@AfterTest tearDown" time="0.0">
    <ignored/>
  </testcase> <!-- @AfterTest tearDown -->
  <testcase classname="base.BaseClass" name="@BeforeTest browserSetUp" time="0.0">
    <ignored/>
  </testcase> <!-- @BeforeTest browserSetUp -->
</testsuite> <!-- Test -->
