<?xml version="1.0" encoding="UTF-8"?>
<!-- Generated by org.testng.reporters.JUnitXMLReporter -->
<testsuite ignored="0" hostname="DESKTOP-G87HA0I" failures="0" tests="3" name="endtoend" time="15.129" errors="0" timestamp="2023-03-31T20:14:45 IST">
  <testcase classname="tests.TestCases" name="loginTest" time="5.416"/>
  <testcase classname="tests.TestCases" name="dashboardTest" time="0.147"/>
  <testcase classname="tests.TestCases" name="manageCategoryTest" time="6.702"/>
</testsuite> <!-- endtoend -->
