<?xml version="1.0" encoding="UTF-8"?>
<testng-results ignored="0" total="3" passed="3" failed="0" skipped="0">
  <reporter-output>
  </reporter-output>
  <suite started-at="2023-04-01T23:00:26 IST" name="Suite" finished-at="2023-04-01T23:00:58 IST" duration-ms="31952">
    <groups>
    </groups>
    <test started-at="2023-04-01T23:00:26 IST" name="TestInChrome" finished-at="2023-04-01T23:00:52 IST" duration-ms="26591">
      <class name="tests.NewTestCases">
        <test-method is-config="true" signature="browserSetUp(java.lang.String)[pri:0, instance:tests.NewTestCases@791f145a]" started-at="2023-04-01T23:00:26 IST" name="browserSetUp" finished-at="2023-04-01T23:00:31 IST" duration-ms="5340" status="PASS">
          <params>
            <param index="0">
              <value>
                <![CDATA[Chrome]]>
              </value>
            </param>
          </params>
          <reporter-output>
          </reporter-output>
        </test-method> <!-- browserSetUp -->
        <test-method signature="signUpTest(java.lang.String,java.lang.String,java.lang.String,java.lang.String,java.lang.String,java.lang.String,java.lang.String)[pri:0, instance:tests.NewTestCases@791f145a]" started-at="2023-04-01T23:00:34 IST" name="signUpTest" data-provider="signup" finished-at="2023-04-01T23:00:52 IST" duration-ms="17694" status="PASS">
          <params>
            <param index="0">
              <value>
                <![CDATA[sherin]]>
              </value>
            </param>
            <param index="1">
              <value>
                <![CDATA[sherin@email.com]]>
              </value>
            </param>
            <param index="2">
              <value>
                <![CDATA[password]]>
              </value>
            </param>
            <param index="3">
              <value>
                <![CDATA[Automation]]>
              </value>
            </param>
            <param index="4">
              <value>
                <![CDATA[Male]]>
              </value>
            </param>
            <param index="5">
              <value>
                <![CDATA[Kerala]]>
              </value>
            </param>
            <param index="6">
              <value>
                <![CDATA[Reading]]>
              </value>
            </param>
          </params>
          <reporter-output>
          </reporter-output>
        </test-method> <!-- signUpTest -->
        <test-method is-config="true" signature="tearDown()[pri:0, instance:tests.NewTestCases@791f145a]" started-at="2023-04-01T23:00:52 IST" name="tearDown" finished-at="2023-04-01T23:00:52 IST" duration-ms="344" status="PASS">
          <reporter-output>
          </reporter-output>
        </test-method> <!-- tearDown -->
      </class> <!-- tests.NewTestCases -->
    </test> <!-- TestInChrome -->
    <test started-at="2023-04-01T23:00:26 IST" name="TestInEdge" finished-at="2023-04-01T23:00:52 IST" duration-ms="26709">
      <class name="tests.NewTestCases">
        <test-method is-config="true" signature="browserSetUp(java.lang.String)[pri:0, instance:tests.NewTestCases@248e319b]" started-at="2023-04-01T23:00:26 IST" name="browserSetUp" finished-at="2023-04-01T23:00:33 IST" duration-ms="6947" status="PASS">
          <params>
            <param index="0">
              <value>
                <![CDATA[Edge]]>
              </value>
            </param>
          </params>
          <reporter-output>
          </reporter-output>
        </test-method> <!-- browserSetUp -->
        <test-method signature="signUpTest(java.lang.String,java.lang.String,java.lang.String,java.lang.String,java.lang.String,java.lang.String,java.lang.String)[pri:0, instance:tests.NewTestCases@248e319b]" started-at="2023-04-01T23:00:34 IST" name="signUpTest" data-provider="signup" finished-at="2023-04-01T23:00:52 IST" duration-ms="17662" status="PASS">
          <params>
            <param index="0">
              <value>
                <![CDATA[sherin]]>
              </value>
            </param>
            <param index="1">
              <value>
                <![CDATA[sherin@email.com]]>
              </value>
            </param>
            <param index="2">
              <value>
                <![CDATA[password]]>
              </value>
            </param>
            <param index="3">
              <value>
                <![CDATA[Automation]]>
              </value>
            </param>
            <param index="4">
              <value>
                <![CDATA[Male]]>
              </value>
            </param>
            <param index="5">
              <value>
                <![CDATA[Kerala]]>
              </value>
            </param>
            <param index="6">
              <value>
                <![CDATA[Reading]]>
              </value>
            </param>
          </params>
          <reporter-output>
          </reporter-output>
        </test-method> <!-- signUpTest -->
        <test-method is-config="true" signature="tearDown()[pri:0, instance:tests.NewTestCases@248e319b]" started-at="2023-04-01T23:00:52 IST" name="tearDown" finished-at="2023-04-01T23:00:52 IST" duration-ms="477" status="PASS">
          <reporter-output>
          </reporter-output>
        </test-method> <!-- tearDown -->
      </class> <!-- tests.NewTestCases -->
    </test> <!-- TestInEdge -->
    <test started-at="2023-04-01T23:00:26 IST" name="TestInFirefox" finished-at="2023-04-01T23:00:58 IST" duration-ms="31952">
      <class name="tests.NewTestCases">
        <test-method is-config="true" signature="browserSetUp(java.lang.String)[pri:0, instance:tests.NewTestCases@74ea2410]" started-at="2023-04-01T23:00:26 IST" name="browserSetUp" finished-at="2023-04-01T23:00:42 IST" duration-ms="15759" status="PASS">
          <params>
            <param index="0">
              <value>
                <![CDATA[FireFox]]>
              </value>
            </param>
          </params>
          <reporter-output>
          </reporter-output>
        </test-method> <!-- browserSetUp -->
        <test-method signature="signUpTest(java.lang.String,java.lang.String,java.lang.String,java.lang.String,java.lang.String,java.lang.String,java.lang.String)[pri:0, instance:tests.NewTestCases@74ea2410]" started-at="2023-04-01T23:00:42 IST" name="signUpTest" data-provider="signup" finished-at="2023-04-01T23:00:56 IST" duration-ms="14529" status="PASS">
          <params>
            <param index="0">
              <value>
                <![CDATA[sherin]]>
              </value>
            </param>
            <param index="1">
              <value>
                <![CDATA[sherin@email.com]]>
              </value>
            </param>
            <param index="2">
              <value>
                <![CDATA[password]]>
              </value>
            </param>
            <param index="3">
              <value>
                <![CDATA[Automation]]>
              </value>
            </param>
            <param index="4">
              <value>
                <![CDATA[Male]]>
              </value>
            </param>
            <param index="5">
              <value>
                <![CDATA[Kerala]]>
              </value>
            </param>
            <param index="6">
              <value>
                <![CDATA[Reading]]>
              </value>
            </param>
          </params>
          <reporter-output>
          </reporter-output>
        </test-method> <!-- signUpTest -->
        <test-method is-config="true" signature="tearDown()[pri:0, instance:tests.NewTestCases@74ea2410]" started-at="2023-04-01T23:00:56 IST" name="tearDown" finished-at="2023-04-01T23:00:58 IST" duration-ms="1507" status="PASS">
          <reporter-output>
          </reporter-output>
        </test-method> <!-- tearDown -->
      </class> <!-- tests.NewTestCases -->
    </test> <!-- TestInFirefox -->
  </suite> <!-- Suite -->
</testng-results>
