<?xml version="1.0" encoding="UTF-8"?>
<testng-results ignored="0" total="3" passed="3" failed="0" skipped="0">
  <reporter-output>
    <line>
      <![CDATA[Log:Info-Setting up browser...]]>
    </line>
    <line>
      <![CDATA[Log:Info-Browser is set up...]]>
    </line>
    <line>
      <![CDATA[Log:Info-Quitting browser...]]>
    </line>
    <line>
      <![CDATA[Log:Info-Browser is quit...]]>
    </line>
  </reporter-output>
  <suite started-at="2023-03-31T20:48:27 IST" name="Smoke" finished-at="2023-03-31T20:49:04 IST" duration-ms="36766">
    <groups>
    </groups>
    <test started-at="2023-03-31T20:48:27 IST" name="Test" finished-at="2023-03-31T20:49:04 IST" duration-ms="36766">
      <class name="tests.TestCases">
        <test-method is-config="true" signature="browserSetUp()[pri:0, instance:tests.TestCases@45099dd3]" started-at="2023-03-31T20:48:23 IST" name="browserSetUp" finished-at="2023-03-31T20:48:27 IST" duration-ms="3949" status="PASS">
          <reporter-output>
            <line>
              <![CDATA[Log:Info-Setting up browser...]]>
            </line>
            <line>
              <![CDATA[Log:Info-Browser is set up...]]>
            </line>
          </reporter-output>
        </test-method> <!-- browserSetUp -->
        <test-method signature="loginTest(java.lang.String,java.lang.String)[pri:0, instance:tests.TestCases@45099dd3]" started-at="2023-03-31T20:48:29 IST" name="loginTest" data-provider="loginDataSet" finished-at="2023-03-31T20:48:34 IST" duration-ms="5498" status="PASS">
          <params>
            <param index="0">
              <value>
                <![CDATA[admin@email.com]]>
              </value>
            </param>
            <param index="1">
              <value>
                <![CDATA[admin@123]]>
              </value>
            </param>
          </params>
          <reporter-output>
          </reporter-output>
        </test-method> <!-- loginTest -->
        <test-method signature="dashboardTest()[pri:1, instance:tests.TestCases@45099dd3]" started-at="2023-03-31T20:48:34 IST" name="dashboardTest" finished-at="2023-03-31T20:48:57 IST" depends-on-methods="tests.TestCases.loginTest" duration-ms="23183" status="PASS">
          <reporter-output>
          </reporter-output>
        </test-method> <!-- dashboardTest -->
        <test-method signature="manageCategoryTest()[pri:2, instance:tests.TestCases@45099dd3]" started-at="2023-03-31T20:48:57 IST" name="manageCategoryTest" finished-at="2023-03-31T20:49:04 IST" depends-on-methods="tests.TestCases.loginTest" duration-ms="6925" status="PASS">
          <reporter-output>
          </reporter-output>
        </test-method> <!-- manageCategoryTest -->
        <test-method is-config="true" signature="tearDown()[pri:0, instance:tests.TestCases@45099dd3]" started-at="2023-03-31T20:49:04 IST" name="tearDown" finished-at="2023-03-31T20:49:05 IST" duration-ms="258" status="PASS">
          <reporter-output>
            <line>
              <![CDATA[Log:Info-Quitting browser...]]>
            </line>
            <line>
              <![CDATA[Log:Info-Browser is quit...]]>
            </line>
          </reporter-output>
        </test-method> <!-- tearDown -->
      </class> <!-- tests.TestCases -->
    </test> <!-- Test -->
  </suite> <!-- Smoke -->
</testng-results>
